# JRE version: Java(TM) SE Runtime Environment (8.0_111-b14) (build 1.8.0_111-b14)
# Java VM: Java HotSpot(TM) 64-Bit Server VM (25.111-b14 mixed mode windows-amd64 compressed oops)
Heap:
 PSYoungGen      total 35328K, used 30898K [0x00000000eb300000, 0x00000000ef200000, 0x0000000100000000)
  eden space 32768K, 86% used [0x00000000eb300000,0x00000000eceaeb80,0x00000000ed300000)
  from space 2560K, 99% used [0x00000000ed300000,0x00000000ed57e050,0x00000000ed580000)
  to   space 8704K, 0% used [0x00000000ee980000,0x00000000ee980000,0x00000000ef200000)
 ParOldGen       total 35328K, used 17277K [0x00000000c1800000, 0x00000000c3a80000, 0x00000000eb300000)
  object space 35328K, 48% used [0x00000000c1800000,0x00000000c28df450,0x00000000c3a80000)
 Metaspace       used 30918K, capacity 31234K, committed 31488K, reserved 1077248K
  class space    used 3904K, capacity 4031K, committed 4096K, reserved 1048576K
GC Heap History (10 events):
Event: 1.238 GC heap before
{Heap before GC invocations=4 (full 0):
 PSYoungGen      total 18944K, used 15923K [0x00000000eb300000, 0x00000000ed800000, 0x0000000100000000)
  eden space 16384K, 81% used [0x00000000eb300000,0x00000000ec00e660,0x00000000ec300000)
  from space 2560K, 99% used [0x00000000ec300000,0x00000000ec57e830,0x00000000ec580000)
  to   space 2560K, 0% used [0x00000000ed580000,0x00000000ed580000,0x00000000ed800000)
 ParOldGen       total 44032K, used 3440K [0x00000000c1800000, 0x00000000c4300000, 0x00000000eb300000)
  object space 44032K, 7% used [0x00000000c1800000,0x00000000c1b5c3e8,0x00000000c4300000)
 Metaspace       used 20887K, capacity 21142K, committed 21248K, reserved 1067008K
  class space    used 2647K, capacity 2759K, committed 2816K, reserved 1048576K
Event: 1.245 GC heap after
Heap after GC invocations=4 (full 0):
 PSYoungGen      total 35328K, used 2534K [0x00000000eb300000, 0x00000000ed800000, 0x0000000100000000)
  eden space 32768K, 0% used [0x00000000eb300000,0x00000000eb300000,0x00000000ed300000)
  from space 2560K, 98% used [0x00000000ed580000,0x00000000ed7f9838,0x00000000ed800000)
  to   space 2560K, 0% used [0x00000000ed300000,0x00000000ed300000,0x00000000ed580000)
 ParOldGen       total 44032K, used 6425K [0x00000000c1800000, 0x00000000c4300000, 0x00000000eb300000)
  object space 44032K, 14% used [0x00000000c1800000,0x00000000c1e465d8,0x00000000c4300000)
 Metaspace       used 20887K, capacity 21142K, committed 21248K, reserved 1067008K
  class space    used 2647K, capacity 2759K, committed 2816K, reserved 1048576K
}
Event: 1.245 GC heap before
{Heap before GC invocations=5 (full 1):
 PSYoungGen      total 35328K, used 2534K [0x00000000eb300000, 0x00000000ed800000, 0x0000000100000000)
  eden space 32768K, 0% used [0x00000000eb300000,0x00000000eb300000,0x00000000ed300000)
  from space 2560K, 98% used [0x00000000ed580000,0x00000000ed7f9838,0x00000000ed800000)
  to   space 2560K, 0% used [0x00000000ed300000,0x00000000ed300000,0x00000000ed580000)
 ParOldGen       total 44032K, used 6425K [0x00000000c1800000, 0x00000000c4300000, 0x00000000eb300000)
  object space 44032K, 14% used [0x00000000c1800000,0x00000000c1e465d8,0x00000000c4300000)
 Metaspace       used 20887K, capacity 21142K, committed 21248K, reserved 1067008K
  class space    used 2647K, capacity 2759K, committed 2816K, reserved 1048576K
Event: 1.269 GC heap after
Heap after GC invocations=5 (full 1):
 PSYoungGen      total 35328K, used 0K [0x00000000eb300000, 0x00000000ed800000, 0x0000000100000000)
  eden space 32768K, 0% used [0x00000000eb300000,0x00000000eb300000,0x00000000ed300000)
  from space 2560K, 0% used [0x00000000ed580000,0x00000000ed580000,0x00000000ed800000)
  to   space 2560K, 0% used [0x00000000ed300000,0x00000000ed300000,0x00000000ed580000)
 ParOldGen       total 35328K, used 5923K [0x00000000c1800000, 0x00000000c3a80000, 0x00000000eb300000)
  object space 35328K, 16% used [0x00000000c1800000,0x00000000c1dc8db0,0x00000000c3a80000)
 Metaspace       used 20887K, capacity 21142K, committed 21248K, reserved 1067008K
  class space    used 2647K, capacity 2759K, committed 2816K, reserved 1048576K
}
Event: 1.782 GC heap before
{Heap before GC invocations=6 (full 1):
 PSYoungGen      total 35328K, used 32768K [0x00000000eb300000, 0x00000000ed800000, 0x0000000100000000)
  eden space 32768K, 100% used [0x00000000eb300000,0x00000000ed300000,0x00000000ed300000)
  from space 2560K, 0% used [0x00000000ed580000,0x00000000ed580000,0x00000000ed800000)
  to   space 2560K, 0% used [0x00000000ed300000,0x00000000ed300000,0x00000000ed580000)
 ParOldGen       total 35328K, used 5923K [0x00000000c1800000, 0x00000000c3a80000, 0x00000000eb300000)
  object space 35328K, 16% used [0x00000000c1800000,0x00000000c1dc8db0,0x00000000c3a80000)
 Metaspace       used 25761K, capacity 26024K, committed 26240K, reserved 1073152K
  class space    used 3307K, capacity 3440K, committed 3456K, reserved 1048576K
Event: 1.789 GC heap after
Heap after GC invocations=6 (full 1):
 PSYoungGen      total 35328K, used 2549K [0x00000000eb300000, 0x00000000ed800000, 0x0000000100000000)
  eden space 32768K, 0% used [0x00000000eb300000,0x00000000eb300000,0x00000000ed300000)
  from space 2560K, 99% used [0x00000000ed300000,0x00000000ed57d460,0x00000000ed580000)
  to   space 2560K, 0% used [0x00000000ed580000,0x00000000ed580000,0x00000000ed800000)
 ParOldGen       total 35328K, used 9363K [0x00000000c1800000, 0x00000000c3a80000, 0x00000000eb300000)
  object space 35328K, 26% used [0x00000000c1800000,0x00000000c2124eb0,0x00000000c3a80000)
 Metaspace       used 25761K, capacity 26024K, committed 26240K, reserved 1073152K
  class space    used 3307K, capacity 3440K, committed 3456K, reserved 1048576K
}
Event: 2.366 GC heap before
{Heap before GC invocations=7 (full 1):
 PSYoungGen      total 35328K, used 35317K [0x00000000eb300000, 0x00000000ed800000, 0x0000000100000000)
  eden space 32768K, 100% used [0x00000000eb300000,0x00000000ed300000,0x00000000ed300000)
  from space 2560K, 99% used [0x00000000ed300000,0x00000000ed57d460,0x00000000ed580000)
  to   space 2560K, 0% used [0x00000000ed580000,0x00000000ed580000,0x00000000ed800000)
 ParOldGen       total 35328K, used 9363K [0x00000000c1800000, 0x00000000c3a80000, 0x00000000eb300000)
  object space 35328K, 26% used [0x00000000c1800000,0x00000000c2124eb0,0x00000000c3a80000)
 Metaspace       used 27999K, capacity 28356K, committed 28544K, reserved 1075200K
  class space    used 3543K, capacity 3674K, committed 3712K, reserved 1048576K
Event: 2.373 GC heap after
Heap after GC invocations=7 (full 1):
 PSYoungGen      total 35328K, used 2541K [0x00000000eb300000, 0x00000000ed800000, 0x0000000100000000)
  eden space 32768K, 0% used [0x00000000eb300000,0x00000000eb300000,0x00000000ed300000)
  from space 2560K, 99% used [0x00000000ed580000,0x00000000ed7fb490,0x00000000ed800000)
  to   space 2560K, 0% used [0x00000000ed300000,0x00000000ed300000,0x00000000ed580000)
 ParOldGen       total 35328K, used 13597K [0x00000000c1800000, 0x00000000c3a80000, 0x00000000eb300000)
  object space 35328K, 38% used [0x00000000c1800000,0x00000000c25474d8,0x00000000c3a80000)
 Metaspace       used 27999K, capacity 28356K, committed 28544K, reserved 1075200K
  class space    used 3543K, capacity 3674K, committed 3712K, reserved 1048576K
}
Event: 2.833 GC heap before
{Heap before GC invocations=8 (full 1):
 PSYoungGen      total 35328K, used 35309K [0x00000000eb300000, 0x00000000ed800000, 0x0000000100000000)
  eden space 32768K, 100% used [0x00000000eb300000,0x00000000ed300000,0x00000000ed300000)
  from space 2560K, 99% used [0x00000000ed580000,0x00000000ed7fb490,0x00000000ed800000)
  to   space 2560K, 0% used [0x00000000ed300000,0x00000000ed300000,0x00000000ed580000)
 ParOldGen       total 35328K, used 13597K [0x00000000c1800000, 0x00000000c3a80000, 0x00000000eb300000)
  object space 35328K, 38% used [0x00000000c1800000,0x00000000c25474d8,0x00000000c3a80000)
 Metaspace       used 28491K, capacity 28816K, committed 29056K, reserved 1075200K
  class space    used 3547K, capacity 3676K, committed 3712K, reserved 1048576K
Event: 2.841 GC heap after
Heap after GC invocations=8 (full 1):
 PSYoungGen      total 35328K, used 2552K [0x00000000eb300000, 0x00000000ef200000, 0x0000000100000000)
  eden space 32768K, 0% used [0x00000000eb300000,0x00000000eb300000,0x00000000ed300000)
  from space 2560K, 99% used [0x00000000ed300000,0x00000000ed57e050,0x00000000ed580000)
  to   space 8704K, 0% used [0x00000000ee980000,0x00000000ee980000,0x00000000ef200000)
 ParOldGen       total 35328K, used 17277K [0x00000000c1800000, 0x00000000c3a80000, 0x00000000eb300000)
  object space 35328K, 48% used [0x00000000c1800000,0x00000000c28df450,0x00000000c3a80000)
 Metaspace       used 28491K, capacity 28816K, committed 29056K, reserved 1075200K
  class space    used 3547K, capacity 3676K, committed 3712K, reserved 1048576K
}

