# JRE version: Java(TM) SE Runtime Environment (8.0_111-b14) (build 1.8.0_111-b14)
# Java VM: Java HotSpot(TM) 64-Bit Server VM (25.111-b14 mixed mode windows-amd64 compressed oops)
Heap:
 PSYoungGen      total 35328K, used 32847K [0x00000000eb300000, 0x00000000ef180000, 0x0000000100000000)
  eden space 32768K, 92% used [0x00000000eb300000,0x00000000ed09bdf8,0x00000000ed300000)
  from space 2560K, 98% used [0x00000000ed300000,0x00000000ed578020,0x00000000ed580000)
  to   space 8704K, 0% used [0x00000000ee900000,0x00000000ee900000,0x00000000ef180000)
 ParOldGen       total 36352K, used 17309K [0x00000000c1800000, 0x00000000c3b80000, 0x00000000eb300000)
  object space 36352K, 47% used [0x00000000c1800000,0x00000000c28e7610,0x00000000c3b80000)
 Metaspace       used 32772K, capacity 33124K, committed 33536K, reserved 1079296K
  class space    used 4186K, capacity 4300K, committed 4352K, reserved 1048576K
GC Heap History (10 events):
Event: 1.106 GC heap before
{Heap before GC invocations=4 (full 0):
 PSYoungGen      total 18944K, used 15920K [0x00000000eb300000, 0x00000000ed800000, 0x0000000100000000)
  eden space 16384K, 81% used [0x00000000eb300000,0x00000000ec00e5f0,0x00000000ec300000)
  from space 2560K, 99% used [0x00000000ec300000,0x00000000ec57dd20,0x00000000ec580000)
  to   space 2560K, 0% used [0x00000000ed580000,0x00000000ed580000,0x00000000ed800000)
 ParOldGen       total 44032K, used 3437K [0x00000000c1800000, 0x00000000c4300000, 0x00000000eb300000)
  object space 44032K, 7% used [0x00000000c1800000,0x00000000c1b5b698,0x00000000c4300000)
 Metaspace       used 20899K, capacity 21142K, committed 21248K, reserved 1067008K
  class space    used 2650K, capacity 2759K, committed 2816K, reserved 1048576K
Event: 1.111 GC heap after
Heap after GC invocations=4 (full 0):
 PSYoungGen      total 35328K, used 2550K [0x00000000eb300000, 0x00000000ed800000, 0x0000000100000000)
  eden space 32768K, 0% used [0x00000000eb300000,0x00000000eb300000,0x00000000ed300000)
  from space 2560K, 99% used [0x00000000ed580000,0x00000000ed7fd868,0x00000000ed800000)
  to   space 2560K, 0% used [0x00000000ed300000,0x00000000ed300000,0x00000000ed580000)
 ParOldGen       total 44032K, used 6722K [0x00000000c1800000, 0x00000000c4300000, 0x00000000eb300000)
  object space 44032K, 15% used [0x00000000c1800000,0x00000000c1e90968,0x00000000c4300000)
 Metaspace       used 20899K, capacity 21142K, committed 21248K, reserved 1067008K
  class space    used 2650K, capacity 2759K, committed 2816K, reserved 1048576K
}
Event: 1.111 GC heap before
{Heap before GC invocations=5 (full 1):
 PSYoungGen      total 35328K, used 2550K [0x00000000eb300000, 0x00000000ed800000, 0x0000000100000000)
  eden space 32768K, 0% used [0x00000000eb300000,0x00000000eb300000,0x00000000ed300000)
  from space 2560K, 99% used [0x00000000ed580000,0x00000000ed7fd868,0x00000000ed800000)
  to   space 2560K, 0% used [0x00000000ed300000,0x00000000ed300000,0x00000000ed580000)
 ParOldGen       total 44032K, used 6722K [0x00000000c1800000, 0x00000000c4300000, 0x00000000eb300000)
  object space 44032K, 15% used [0x00000000c1800000,0x00000000c1e90968,0x00000000c4300000)
 Metaspace       used 20899K, capacity 21142K, committed 21248K, reserved 1067008K
  class space    used 2650K, capacity 2759K, committed 2816K, reserved 1048576K
Event: 1.135 GC heap after
Heap after GC invocations=5 (full 1):
 PSYoungGen      total 35328K, used 0K [0x00000000eb300000, 0x00000000ed800000, 0x0000000100000000)
  eden space 32768K, 0% used [0x00000000eb300000,0x00000000eb300000,0x00000000ed300000)
  from space 2560K, 0% used [0x00000000ed580000,0x00000000ed580000,0x00000000ed800000)
  to   space 2560K, 0% used [0x00000000ed300000,0x00000000ed300000,0x00000000ed580000)
 ParOldGen       total 36352K, used 6194K [0x00000000c1800000, 0x00000000c3b80000, 0x00000000eb300000)
  object space 36352K, 17% used [0x00000000c1800000,0x00000000c1e0ca68,0x00000000c3b80000)
 Metaspace       used 20899K, capacity 21142K, committed 21248K, reserved 1067008K
  class space    used 2650K, capacity 2759K, committed 2816K, reserved 1048576K
}
Event: 1.635 GC heap before
{Heap before GC invocations=6 (full 1):
 PSYoungGen      total 35328K, used 32768K [0x00000000eb300000, 0x00000000ed800000, 0x0000000100000000)
  eden space 32768K, 100% used [0x00000000eb300000,0x00000000ed300000,0x00000000ed300000)
  from space 2560K, 0% used [0x00000000ed580000,0x00000000ed580000,0x00000000ed800000)
  to   space 2560K, 0% used [0x00000000ed300000,0x00000000ed300000,0x00000000ed580000)
 ParOldGen       total 36352K, used 6194K [0x00000000c1800000, 0x00000000c3b80000, 0x00000000eb300000)
  object space 36352K, 17% used [0x00000000c1800000,0x00000000c1e0ca68,0x00000000c3b80000)
 Metaspace       used 25765K, capacity 26024K, committed 26240K, reserved 1073152K
  class space    used 3309K, capacity 3440K, committed 3456K, reserved 1048576K
Event: 1.660 GC heap after
Heap after GC invocations=6 (full 1):
 PSYoungGen      total 35328K, used 2540K [0x00000000eb300000, 0x00000000ed800000, 0x0000000100000000)
  eden space 32768K, 0% used [0x00000000eb300000,0x00000000eb300000,0x00000000ed300000)
  from space 2560K, 99% used [0x00000000ed300000,0x00000000ed57b040,0x00000000ed580000)
  to   space 2560K, 0% used [0x00000000ed580000,0x00000000ed580000,0x00000000ed800000)
 ParOldGen       total 36352K, used 9410K [0x00000000c1800000, 0x00000000c3b80000, 0x00000000eb300000)
  object space 36352K, 25% used [0x00000000c1800000,0x00000000c2130af0,0x00000000c3b80000)
 Metaspace       used 25765K, capacity 26024K, committed 26240K, reserved 1073152K
  class space    used 3309K, capacity 3440K, committed 3456K, reserved 1048576K
}
Event: 2.223 GC heap before
{Heap before GC invocations=7 (full 1):
 PSYoungGen      total 35328K, used 35308K [0x00000000eb300000, 0x00000000ed800000, 0x0000000100000000)
  eden space 32768K, 100% used [0x00000000eb300000,0x00000000ed300000,0x00000000ed300000)
  from space 2560K, 99% used [0x00000000ed300000,0x00000000ed57b040,0x00000000ed580000)
  to   space 2560K, 0% used [0x00000000ed580000,0x00000000ed580000,0x00000000ed800000)
 ParOldGen       total 36352K, used 9410K [0x00000000c1800000, 0x00000000c3b80000, 0x00000000eb300000)
  object space 36352K, 25% used [0x00000000c1800000,0x00000000c2130af0,0x00000000c3b80000)
 Metaspace       used 27997K, capacity 28356K, committed 28544K, reserved 1075200K
  class space    used 3543K, capacity 3674K, committed 3712K, reserved 1048576K
Event: 2.229 GC heap after
Heap after GC invocations=7 (full 1):
 PSYoungGen      total 35328K, used 2544K [0x00000000eb300000, 0x00000000ed800000, 0x0000000100000000)
  eden space 32768K, 0% used [0x00000000eb300000,0x00000000eb300000,0x00000000ed300000)
  from space 2560K, 99% used [0x00000000ed580000,0x00000000ed7fc040,0x00000000ed800000)
  to   space 2560K, 0% used [0x00000000ed300000,0x00000000ed300000,0x00000000ed580000)
 ParOldGen       total 36352K, used 13612K [0x00000000c1800000, 0x00000000c3b80000, 0x00000000eb300000)
  object space 36352K, 37% used [0x00000000c1800000,0x00000000c254b170,0x00000000c3b80000)
 Metaspace       used 27997K, capacity 28356K, committed 28544K, reserved 1075200K
  class space    used 3543K, capacity 3674K, committed 3712K, reserved 1048576K
}
Event: 2.653 GC heap before
{Heap before GC invocations=8 (full 1):
 PSYoungGen      total 35328K, used 35312K [0x00000000eb300000, 0x00000000ed800000, 0x0000000100000000)
  eden space 32768K, 100% used [0x00000000eb300000,0x00000000ed300000,0x00000000ed300000)
  from space 2560K, 99% used [0x00000000ed580000,0x00000000ed7fc040,0x00000000ed800000)
  to   space 2560K, 0% used [0x00000000ed300000,0x00000000ed300000,0x00000000ed580000)
 ParOldGen       total 36352K, used 13612K [0x00000000c1800000, 0x00000000c3b80000, 0x00000000eb300000)
  object space 36352K, 37% used [0x00000000c1800000,0x00000000c254b170,0x00000000c3b80000)
 Metaspace       used 28507K, capacity 28816K, committed 29056K, reserved 1075200K
  class space    used 3547K, capacity 3676K, committed 3712K, reserved 1048576K
Event: 2.662 GC heap after
Heap after GC invocations=8 (full 1):
 PSYoungGen      total 35328K, used 2528K [0x00000000eb300000, 0x00000000ef180000, 0x0000000100000000)
  eden space 32768K, 0% used [0x00000000eb300000,0x00000000eb300000,0x00000000ed300000)
  from space 2560K, 98% used [0x00000000ed300000,0x00000000ed578020,0x00000000ed580000)
  to   space 8704K, 0% used [0x00000000ee900000,0x00000000ee900000,0x00000000ef180000)
 ParOldGen       total 36352K, used 17309K [0x00000000c1800000, 0x00000000c3b80000, 0x00000000eb300000)
  object space 36352K, 47% used [0x00000000c1800000,0x00000000c28e7610,0x00000000c3b80000)
 Metaspace       used 28507K, capacity 28816K, committed 29056K, reserved 1075200K
  class space    used 3547K, capacity 3676K, committed 3712K, reserved 1048576K
}

